<?xml version="1.0" encoding="UTF-8"?>
<testsuite name="ru.netology.test.MoneyTransferTest" tests="1" skipped="0" failures="0" errors="0" timestamp="2022-05-22T14:38:38" hostname="DESKTOP-5O79L13" time="8.2">
  <properties/>
  <testcase name="shouldTransferMoneyBetweenOwnCards()" classname="ru.netology.test.MoneyTransferTest" time="8.2"/>
  <system-out><![CDATA[]]></system-out>
  <system-err><![CDATA[[Test worker] INFO com.codeborne.selenide.impl.WebDriverThreadLocalContainer - No webdriver is bound to current thread: 13 - let's create a new webdriver
[Test worker] INFO com.codeborne.selenide.impl.FileHelper - Creating folder: C:\idea\BDD1\build\downloads\1653230319082_15896_13
[Test worker] INFO io.github.bonigarcia.wdm.WebDriverManager - Using chromedriver 101.0.4951.41 (resolved driver for Chrome 101)
[Test worker] INFO io.github.bonigarcia.wdm.WebDriverManager - Exporting webdriver.chrome.driver as C:\Users\79277\.cache\selenium\chromedriver\win32\101.0.4951.41\chromedriver.exe
Starting ChromeDriver 101.0.4951.41 (93c720db8323b3ec10d056025ab95c23a31997c9-refs/branch-heads/4951@{#904}) on port 50137
Only local connections are allowed.
Please see https://chromedriver.chromium.org/security-considerations for suggestions on keeping ChromeDriver safe.
ChromeDriver was started successfully.
мая 22, 2022 6:38:43 PM org.openqa.selenium.remote.ProtocolHandshake createSession
INFO: Detected dialect: W3C
мая 22, 2022 6:38:43 PM org.openqa.selenium.devtools.CdpVersionFinder findNearestMatch
WARNING: Unable to find an exact match for CDP version 101, so returning the closest version found: a no-op implementation
мая 22, 2022 6:38:43 PM org.openqa.selenium.devtools.CdpVersionFinder findNearestMatch
INFO: Unable to find CDP implementation matching 101.
мая 22, 2022 6:38:43 PM org.openqa.selenium.chromium.ChromiumDriver lambda$new$3
WARNING: Unable to find version of CDP to use for . You may need to include a dependency on a specific version of the CDP using something similar to `org.seleniumhq.selenium:selenium-devtools-v86:4.1.1` where the version ("v86") matches the version of the chromium-based browser you're using and the version number of the artifact is the same as Selenium's.
[Test worker] INFO com.codeborne.selenide.webdriver.HttpClientTimeouts - Changed connectTimeout from PT10S to PT10S
[Test worker] INFO com.codeborne.selenide.webdriver.HttpClientTimeouts - Changed readTimeout from PT3M to PT3M
[Test worker] INFO com.codeborne.selenide.webdriver.BrowserResizer - Set browser size to 1366x768
[Test worker] INFO com.codeborne.selenide.webdriver.WebDriverFactory - BrowserName=chrome Version=101.0.4951.67 Platform=WINDOWS
[Test worker] INFO com.codeborne.selenide.webdriver.WebDriverFactory - Selenide v. 6.1.2
[Test worker] INFO com.codeborne.selenide.webdriver.WebDriverFactory - Selenium WebDriver v. 4.1.1 build revision: e8fcc2cecf
[Test worker] INFO com.codeborne.selenide.drivercommands.CreateDriverCommand - Created webdriver in thread 13: ChromeDriver -> ChromeDriver: chrome on WINDOWS (a57ef7ce126fefcf587051aa0a908460)
]]></system-err>
</testsuite>
